1:M 19 Aug 19:57:09.753 * No cluster configuration found, I'm c8a80150651490dd12e8af4283d0d82df8bed133
                _._                                                  
           _.-``__ ''-._                                             
      _.-``    `.  `_.  ''-._           Redis 3.2.1 (00000000/0) 64 bit
  .-`` .-```.  ```\/    _.,_ ''-._                                   
 (    '      ,       .-`  | `,    )     Running in cluster mode
 |`-._`-...-` __...-.``-._|'` _.-'|     Port: 6379
 |    `-._   `._    /     _.-'    |     PID: 1
  `-._    `-._  `-./  _.-'    _.-'                                   
 |`-._`-._    `-.__.-'    _.-'_.-'|                                  
 |    `-._`-._        _.-'_.-'    |           http://redis.io        
  `-._    `-._`-.__.-'_.-'    _.-'                                   
 |`-._`-._    `-.__.-'    _.-'_.-'|                                  
 |    `-._`-._        _.-'_.-'    |                                  
  `-._    `-._`-.__.-'_.-'    _.-'                                   
      `-._    `-.__.-'    _.-'                                       
          `-._        _.-'                                           
              `-.__.-'                                               

1:M 19 Aug 19:57:09.872 # WARNING: The TCP backlog setting of 511 cannot be enforced because /proc/sys/net/core/somaxconn is set to the lower value of 128.
1:M 19 Aug 19:57:09.872 # Server started, Redis version 3.2.1
1:M 19 Aug 19:57:09.872 # WARNING you have Transparent Huge Pages (THP) support enabled in your kernel. This will create latency and memory usage issues with Redis. To fix this issue run the command 'echo never > /sys/kernel/mm/transparent_hugepage/enabled' as root, and add it to your /etc/rc.local in order to retain the setting after a reboot. Redis must be restarted after THP is disabled.
1:M 19 Aug 19:57:10.189 * DB saved on disk
1:M 19 Aug 19:57:10.258 * DB saved on disk
1:M 19 Aug 19:57:10.348 * DB saved on disk
1:M 19 Aug 19:57:10.348 * DB loaded from append only file: 0.476 seconds
1:M 19 Aug 19:57:10.348 # I have keys for unassigned slot 4618. Taking responsibility for it.
1:M 19 Aug 19:57:10.348 # I have keys for unassigned slot 7656. Taking responsibility for it.
1:M 19 Aug 19:57:10.448 * The server is now ready to accept connections on port 6379
1:M 19 Aug 19:57:11.055 * Slave 172.17.0.3:6379 asks for synchronization
1:M 19 Aug 19:57:11.055 * Full resync requested by slave 172.17.0.3:6379
1:M 19 Aug 19:57:11.055 * Starting BGSAVE for SYNC with target: disk
1:M 19 Aug 19:57:11.055 * Background saving started by pid 17
17:C 19 Aug 19:57:11.122 * DB saved on disk
17:C 19 Aug 19:57:11.122 * RDB: 0 MB of memory used by copy-on-write
1:M 19 Aug 19:57:11.150 * Background saving terminated with success
1:M 19 Aug 19:57:11.150 * Synchronization with slave 172.17.0.3:6379 succeeded
1:M 19 Aug 19:57:12.186 * Slave 172.17.0.4:6379 asks for synchronization
1:M 19 Aug 19:57:12.186 * Full resync requested by slave 172.17.0.4:6379
1:M 19 Aug 19:57:12.186 * Starting BGSAVE for SYNC with target: disk
1:M 19 Aug 19:57:12.186 * Background saving started by pid 18
18:C 19 Aug 19:57:12.283 * DB saved on disk
18:C 19 Aug 19:57:12.283 * RDB: 0 MB of memory used by copy-on-write
1:M 19 Aug 19:57:12.352 * Background saving terminated with success
1:M 19 Aug 19:57:12.352 * Synchronization with slave 172.17.0.4:6379 succeeded
1:signal-handler (1471607998) Received SIGTERM scheduling shutdown...
1:M 19 Aug 19:59:58.896 # Connection with slave 172.17.0.4:6379 lost.
1:M 19 Aug 19:59:58.903 # User requested shutdown...
1:M 19 Aug 19:59:58.903 * Calling fsync() on the AOF file.
1:M 19 Aug 19:59:58.904 * Saving the final RDB snapshot before exiting.
1:M 19 Aug 19:59:58.934 * DB saved on disk
1:M 19 Aug 19:59:58.934 * Removing the pid file.
1:M 19 Aug 19:59:58.934 # Redis is now ready to exit, bye bye...
1:M 19 Aug 20:00:23.571 * Node configuration loaded, I'm c8a80150651490dd12e8af4283d0d82df8bed133
                _._                                                  
           _.-``__ ''-._                                             
      _.-``    `.  `_.  ''-._           Redis 3.2.1 (00000000/0) 64 bit
  .-`` .-```.  ```\/    _.,_ ''-._                                   
 (    '      ,       .-`  | `,    )     Running in cluster mode
 |`-._`-...-` __...-.``-._|'` _.-'|     Port: 6379
 |    `-._   `._    /     _.-'    |     PID: 1
  `-._    `-._  `-./  _.-'    _.-'                                   
 |`-._`-._    `-.__.-'    _.-'_.-'|                                  
 |    `-._`-._        _.-'_.-'    |           http://redis.io        
  `-._    `-._`-.__.-'_.-'    _.-'                                   
 |`-._`-._    `-.__.-'    _.-'_.-'|                                  
 |    `-._`-._        _.-'_.-'    |                                  
  `-._    `-._`-.__.-'_.-'    _.-'                                   
      `-._    `-.__.-'    _.-'                                       
          `-._        _.-'                                           
              `-.__.-'                                               

1:M 19 Aug 20:00:23.573 # WARNING: The TCP backlog setting of 511 cannot be enforced because /proc/sys/net/core/somaxconn is set to the lower value of 128.
1:M 19 Aug 20:00:23.573 # Server started, Redis version 3.2.1
1:M 19 Aug 20:00:23.573 # WARNING you have Transparent Huge Pages (THP) support enabled in your kernel. This will create latency and memory usage issues with Redis. To fix this issue run the command 'echo never > /sys/kernel/mm/transparent_hugepage/enabled' as root, and add it to your /etc/rc.local in order to retain the setting after a reboot. Redis must be restarted after THP is disabled.
1:M 19 Aug 20:00:23.884 * DB saved on disk
1:M 19 Aug 20:00:23.972 * DB saved on disk
1:M 19 Aug 20:00:24.048 * DB saved on disk
1:M 19 Aug 20:00:24.049 * DB loaded from append only file: 0.476 seconds
1:M 19 Aug 20:00:24.049 * The server is now ready to accept connections on port 6379
1:M 19 Aug 20:00:24.399 * Slave 172.17.0.3:6379 asks for synchronization
1:M 19 Aug 20:00:24.399 * Full resync requested by slave 172.17.0.3:6379
1:M 19 Aug 20:00:24.399 * Starting BGSAVE for SYNC with target: disk
1:M 19 Aug 20:00:24.400 * Background saving started by pid 16
16:C 19 Aug 20:00:24.491 * DB saved on disk
16:C 19 Aug 20:00:24.491 * RDB: 0 MB of memory used by copy-on-write
1:M 19 Aug 20:00:24.549 * Background saving terminated with success
1:M 19 Aug 20:00:24.549 * Synchronization with slave 172.17.0.3:6379 succeeded
1:M 19 Aug 20:00:26.404 * Slave 172.17.0.4:6379 asks for synchronization
1:M 19 Aug 20:00:26.404 * Full resync requested by slave 172.17.0.4:6379
1:M 19 Aug 20:00:26.404 * Starting BGSAVE for SYNC with target: disk
1:M 19 Aug 20:00:26.404 * Background saving started by pid 17
17:C 19 Aug 20:00:26.477 * DB saved on disk
17:C 19 Aug 20:00:26.477 * RDB: 0 MB of memory used by copy-on-write
1:M 19 Aug 20:00:26.553 * Background saving terminated with success
1:M 19 Aug 20:00:26.553 * Synchronization with slave 172.17.0.4:6379 succeeded
33:M 19 Aug 20:03:11.637 # Creating Server TCP listening socket *:6379: bind: Address already in use
34:M 19 Aug 20:03:14.091 # Creating Server TCP listening socket *:6379: bind: Address already in use
1:M 19 Aug 20:03:47.193 * DB saved on disk
1:M 19 Aug 20:18:48.051 * 1 changes in 900 seconds. Saving...
1:M 19 Aug 20:18:48.103 * Background saving started by pid 37
37:C 19 Aug 20:18:48.177 * DB saved on disk
37:C 19 Aug 20:18:48.178 * RDB: 0 MB of memory used by copy-on-write
1:M 19 Aug 20:18:48.203 * Background saving terminated with success
1:signal-handler (1471611691) Received SIGTERM scheduling shutdown...
1:M 19 Aug 21:01:31.960 # User requested shutdown...
1:M 19 Aug 21:01:31.960 * Calling fsync() on the AOF file.
1:M 19 Aug 21:01:31.960 * Saving the final RDB snapshot before exiting.
1:M 19 Aug 21:01:32.032 * DB saved on disk
1:M 19 Aug 21:01:32.032 * Removing the pid file.
1:M 19 Aug 21:01:32.050 # Redis is now ready to exit, bye bye...
