2016-06-03 18:03:12,930 [main] WARN  com.alibaba.dubbo.config.ServiceConfig (ServiceConfig.java:322) -  [DUBBO] Connection refused, dubbo version: 2.5.4-SNAPSHOT, current host: 127.0.0.1
java.net.ConnectException: Connection refused
	at java.net.PlainSocketImpl.socketConnect(Native Method)
	at java.net.AbstractPlainSocketImpl.doConnect(AbstractPlainSocketImpl.java:350)
	at java.net.AbstractPlainSocketImpl.connectToAddress(AbstractPlainSocketImpl.java:206)
	at java.net.AbstractPlainSocketImpl.connect(AbstractPlainSocketImpl.java:188)
	at java.net.SocksSocketImpl.connect(SocksSocketImpl.java:392)
	at java.net.Socket.connect(Socket.java:589)
	at com.alibaba.dubbo.config.ServiceConfig.doExportUrlsFor1Protocol(ServiceConfig.java:313)
	at com.alibaba.dubbo.config.ServiceConfig.doExportUrls(ServiceConfig.java:284)
	at com.alibaba.dubbo.config.ServiceConfig.doExport(ServiceConfig.java:245)
	at com.alibaba.dubbo.config.ServiceConfig.export(ServiceConfig.java:144)
	at com.alibaba.dubbo.config.spring.ServiceBean.onApplicationEvent(ServiceBean.java:109)
	at org.springframework.context.event.SimpleApplicationEventMulticaster$1.run(SimpleApplicationEventMulticaster.java:78)
	at org.springframework.core.task.SyncTaskExecutor.execute(SyncTaskExecutor.java:49)
	at org.springframework.context.event.SimpleApplicationEventMulticaster.multicastEvent(SimpleApplicationEventMulticaster.java:76)
	at org.springframework.context.support.AbstractApplicationContext.publishEvent(AbstractApplicationContext.java:274)
	at org.springframework.context.support.AbstractApplicationContext.finishRefresh(AbstractApplicationContext.java:736)
	at org.springframework.context.support.AbstractApplicationContext.refresh(AbstractApplicationContext.java:383)
	at org.springframework.context.support.ClassPathXmlApplicationContext.<init>(ClassPathXmlApplicationContext.java:139)
	at org.springframework.context.support.ClassPathXmlApplicationContext.<init>(ClassPathXmlApplicationContext.java:93)
	at com.alibaba.dubbo.container.spring.SpringContainer.start(SpringContainer.java:50)
	at com.alibaba.dubbo.container.Main.main(Main.java:80)
2016-06-03 18:03:13,471 [main-SendThread(localhost:2181)] WARN  org.apache.zookeeper.ClientCnxn$SendThread (ClientCnxn.java:1161) - Session 0x0 for server null, unexpected error, closing socket connection and attempting reconnect
java.net.ConnectException: Connection refused
	at sun.nio.ch.SocketChannelImpl.checkConnect(Native Method)
	at sun.nio.ch.SocketChannelImpl.finishConnect(SocketChannelImpl.java:717)
	at org.apache.zookeeper.ClientCnxn$SendThread.run(ClientCnxn.java:1119)
2016-06-03 18:03:14,733 [main-SendThread(localhost:2181)] WARN  org.apache.zookeeper.ClientCnxn$SendThread (ClientCnxn.java:1161) - Session 0x0 for server null, unexpected error, closing socket connection and attempting reconnect
java.net.ConnectException: Connection refused
	at sun.nio.ch.SocketChannelImpl.checkConnect(Native Method)
	at sun.nio.ch.SocketChannelImpl.finishConnect(SocketChannelImpl.java:717)
	at org.apache.zookeeper.ClientCnxn$SendThread.run(ClientCnxn.java:1119)
2016-06-03 18:03:16,273 [main-SendThread(localhost:2181)] WARN  org.apache.zookeeper.ClientCnxn$SendThread (ClientCnxn.java:1161) - Session 0x0 for server null, unexpected error, closing socket connection and attempting reconnect
java.net.ConnectException: Connection refused
	at sun.nio.ch.SocketChannelImpl.checkConnect(Native Method)
	at sun.nio.ch.SocketChannelImpl.finishConnect(SocketChannelImpl.java:717)
	at org.apache.zookeeper.ClientCnxn$SendThread.run(ClientCnxn.java:1119)
2016-06-03 18:03:17,898 [main-SendThread(localhost:2181)] WARN  org.apache.zookeeper.ClientCnxn$SendThread (ClientCnxn.java:1161) - Session 0x0 for server null, unexpected error, closing socket connection and attempting reconnect
java.net.ConnectException: Connection refused
	at sun.nio.ch.SocketChannelImpl.checkConnect(Native Method)
	at sun.nio.ch.SocketChannelImpl.finishConnect(SocketChannelImpl.java:717)
	at org.apache.zookeeper.ClientCnxn$SendThread.run(ClientCnxn.java:1119)
2016-06-03 18:03:19,721 [main-SendThread(localhost:2181)] WARN  org.apache.zookeeper.ClientCnxn$SendThread (ClientCnxn.java:1161) - Session 0x0 for server null, unexpected error, closing socket connection and attempting reconnect
java.net.ConnectException: Connection refused
	at sun.nio.ch.SocketChannelImpl.checkConnect(Native Method)
	at sun.nio.ch.SocketChannelImpl.finishConnect(SocketChannelImpl.java:717)
	at org.apache.zookeeper.ClientCnxn$SendThread.run(ClientCnxn.java:1119)
2016-06-03 18:03:21,797 [main-SendThread(localhost:2181)] WARN  org.apache.zookeeper.ClientCnxn$SendThread (ClientCnxn.java:1161) - Session 0x0 for server null, unexpected error, closing socket connection and attempting reconnect
java.net.ConnectException: Connection refused
	at sun.nio.ch.SocketChannelImpl.checkConnect(Native Method)
	at sun.nio.ch.SocketChannelImpl.finishConnect(SocketChannelImpl.java:717)
	at org.apache.zookeeper.ClientCnxn$SendThread.run(ClientCnxn.java:1119)
2016-06-03 18:03:23,300 [main-SendThread(localhost:2181)] WARN  org.apache.zookeeper.ClientCnxn$SendThread (ClientCnxn.java:1161) - Session 0x0 for server null, unexpected error, closing socket connection and attempting reconnect
java.net.ConnectException: Connection refused
	at sun.nio.ch.SocketChannelImpl.checkConnect(Native Method)
	at sun.nio.ch.SocketChannelImpl.finishConnect(SocketChannelImpl.java:717)
	at org.apache.zookeeper.ClientCnxn$SendThread.run(ClientCnxn.java:1119)
2016-06-03 18:03:25,327 [main-SendThread(localhost:2181)] WARN  org.apache.zookeeper.ClientCnxn$SendThread (ClientCnxn.java:1161) - Session 0x0 for server null, unexpected error, closing socket connection and attempting reconnect
java.net.ConnectException: Connection refused
	at sun.nio.ch.SocketChannelImpl.checkConnect(Native Method)
	at sun.nio.ch.SocketChannelImpl.finishConnect(SocketChannelImpl.java:717)
	at org.apache.zookeeper.ClientCnxn$SendThread.run(ClientCnxn.java:1119)
2016-06-03 18:03:27,033 [main-SendThread(localhost:2181)] WARN  org.apache.zookeeper.ClientCnxn$SendThread (ClientCnxn.java:1161) - Session 0x0 for server null, unexpected error, closing socket connection and attempting reconnect
java.net.ConnectException: Connection refused
	at sun.nio.ch.SocketChannelImpl.checkConnect(Native Method)
	at sun.nio.ch.SocketChannelImpl.finishConnect(SocketChannelImpl.java:717)
	at org.apache.zookeeper.ClientCnxn$SendThread.run(ClientCnxn.java:1119)
2016-06-03 18:03:28,467 [main-SendThread(localhost:2181)] WARN  org.apache.zookeeper.ClientCnxn$SendThread (ClientCnxn.java:1161) - Session 0x0 for server null, unexpected error, closing socket connection and attempting reconnect
java.net.ConnectException: Connection refused
	at sun.nio.ch.SocketChannelImpl.checkConnect(Native Method)
	at sun.nio.ch.SocketChannelImpl.finishConnect(SocketChannelImpl.java:717)
	at org.apache.zookeeper.ClientCnxn$SendThread.run(ClientCnxn.java:1119)
2016-06-03 18:03:30,330 [main-SendThread(localhost:2181)] WARN  org.apache.zookeeper.ClientCnxn$SendThread (ClientCnxn.java:1161) - Session 0x0 for server null, unexpected error, closing socket connection and attempting reconnect
java.net.ConnectException: Connection refused
	at sun.nio.ch.SocketChannelImpl.checkConnect(Native Method)
	at sun.nio.ch.SocketChannelImpl.finishConnect(SocketChannelImpl.java:717)
	at org.apache.zookeeper.ClientCnxn$SendThread.run(ClientCnxn.java:1119)
2016-06-03 18:03:31,443 [main-SendThread(localhost:2181)] WARN  org.apache.zookeeper.ClientCnxn$SendThread (ClientCnxn.java:1161) - Session 0x0 for server null, unexpected error, closing socket connection and attempting reconnect
java.net.ConnectException: Connection refused
	at sun.nio.ch.SocketChannelImpl.checkConnect(Native Method)
	at sun.nio.ch.SocketChannelImpl.finishConnect(SocketChannelImpl.java:717)
	at org.apache.zookeeper.ClientCnxn$SendThread.run(ClientCnxn.java:1119)
2016-06-03 18:03:32,726 [main-SendThread(localhost:2181)] WARN  org.apache.zookeeper.ClientCnxn$SendThread (ClientCnxn.java:1161) - Session 0x0 for server null, unexpected error, closing socket connection and attempting reconnect
java.net.ConnectException: Connection refused
	at sun.nio.ch.SocketChannelImpl.checkConnect(Native Method)
	at sun.nio.ch.SocketChannelImpl.finishConnect(SocketChannelImpl.java:717)
	at org.apache.zookeeper.ClientCnxn$SendThread.run(ClientCnxn.java:1119)
2016-06-03 18:03:33,842 [main-SendThread(localhost:2181)] WARN  org.apache.zookeeper.ClientCnxn$SendThread (ClientCnxn.java:1161) - Session 0x0 for server null, unexpected error, closing socket connection and attempting reconnect
java.net.ConnectException: Connection refused
	at sun.nio.ch.SocketChannelImpl.checkConnect(Native Method)
	at sun.nio.ch.SocketChannelImpl.finishConnect(SocketChannelImpl.java:717)
	at org.apache.zookeeper.ClientCnxn$SendThread.run(ClientCnxn.java:1119)
2016-06-03 18:03:35,758 [main-SendThread(localhost:2181)] WARN  org.apache.zookeeper.ClientCnxn$SendThread (ClientCnxn.java:1161) - Session 0x0 for server null, unexpected error, closing socket connection and attempting reconnect
java.net.ConnectException: Connection refused
	at sun.nio.ch.SocketChannelImpl.checkConnect(Native Method)
	at sun.nio.ch.SocketChannelImpl.finishConnect(SocketChannelImpl.java:717)
	at org.apache.zookeeper.ClientCnxn$SendThread.run(ClientCnxn.java:1119)
2016-06-03 18:03:37,495 [main-SendThread(localhost:2181)] WARN  org.apache.zookeeper.ClientCnxn$SendThread (ClientCnxn.java:1161) - Session 0x0 for server null, unexpected error, closing socket connection and attempting reconnect
java.net.ConnectException: Connection refused
	at sun.nio.ch.SocketChannelImpl.checkConnect(Native Method)
	at sun.nio.ch.SocketChannelImpl.finishConnect(SocketChannelImpl.java:717)
	at org.apache.zookeeper.ClientCnxn$SendThread.run(ClientCnxn.java:1119)
2016-06-03 18:03:39,402 [main-SendThread(localhost:2181)] WARN  org.apache.zookeeper.ClientCnxn$SendThread (ClientCnxn.java:1161) - Session 0x0 for server null, unexpected error, closing socket connection and attempting reconnect
java.net.ConnectException: Connection refused
	at sun.nio.ch.SocketChannelImpl.checkConnect(Native Method)
	at sun.nio.ch.SocketChannelImpl.finishConnect(SocketChannelImpl.java:717)
	at org.apache.zookeeper.ClientCnxn$SendThread.run(ClientCnxn.java:1119)
2016-06-03 18:03:40,938 [main-SendThread(localhost:2181)] WARN  org.apache.zookeeper.ClientCnxn$SendThread (ClientCnxn.java:1161) - Session 0x0 for server null, unexpected error, closing socket connection and attempting reconnect
java.net.ConnectException: Connection refused
	at sun.nio.ch.SocketChannelImpl.checkConnect(Native Method)
	at sun.nio.ch.SocketChannelImpl.finishConnect(SocketChannelImpl.java:717)
	at org.apache.zookeeper.ClientCnxn$SendThread.run(ClientCnxn.java:1119)
