1:M 19 Aug 20:18:21.518 * No cluster configuration found, I'm bdd0edb6a2c032e7a6a5257f6712507abf0fbfdb
                _._                                                  
           _.-``__ ''-._                                             
      _.-``    `.  `_.  ''-._           Redis 3.2.1 (00000000/0) 64 bit
  .-`` .-```.  ```\/    _.,_ ''-._                                   
 (    '      ,       .-`  | `,    )     Running in cluster mode
 |`-._`-...-` __...-.``-._|'` _.-'|     Port: 6379
 |    `-._   `._    /     _.-'    |     PID: 1
  `-._    `-._  `-./  _.-'    _.-'                                   
 |`-._`-._    `-.__.-'    _.-'_.-'|                                  
 |    `-._`-._        _.-'_.-'    |           http://redis.io        
  `-._    `-._`-.__.-'_.-'    _.-'                                   
 |`-._`-._    `-.__.-'    _.-'_.-'|                                  
 |    `-._`-._        _.-'_.-'    |                                  
  `-._    `-._`-.__.-'_.-'    _.-'                                   
      `-._    `-.__.-'    _.-'                                       
          `-._        _.-'                                           
              `-.__.-'                                               

1:M 19 Aug 20:18:21.705 # WARNING: The TCP backlog setting of 511 cannot be enforced because /proc/sys/net/core/somaxconn is set to the lower value of 128.
1:M 19 Aug 20:18:21.706 # Server started, Redis version 3.2.1
1:M 19 Aug 20:18:21.706 # WARNING you have Transparent Huge Pages (THP) support enabled in your kernel. This will create latency and memory usage issues with Redis. To fix this issue run the command 'echo never > /sys/kernel/mm/transparent_hugepage/enabled' as root, and add it to your /etc/rc.local in order to retain the setting after a reboot. Redis must be restarted after THP is disabled.
1:M 19 Aug 20:18:21.706 * The server is now ready to accept connections on port 6379
1:signal-handler (1471611691) Received SIGTERM scheduling shutdown...
1:M 19 Aug 21:01:32.017 # User requested shutdown...
1:M 19 Aug 21:01:32.017 * Calling fsync() on the AOF file.
1:M 19 Aug 21:01:32.032 * Saving the final RDB snapshot before exiting.
1:M 19 Aug 21:01:32.125 * DB saved on disk
1:M 19 Aug 21:01:32.125 * Removing the pid file.
1:M 19 Aug 21:01:32.125 # Redis is now ready to exit, bye bye...
